<?xml version="1.0" encoding="UTF-8"?>
<!-- Generated by org.testng.reporters.JUnitReportReporter -->
<testsuite hostname="DESKTOP-NRGQ5R0" failures="0" tests="5" name="testCase.TC003_LoginDDT" time="112.998" errors="0" timestamp="2024-11-01T14:07:10 IST" skipped="0">
  <testcase classname="testCase.TC003_LoginDDT" name="verify_LoginDDT" time="23.976"/>
  <testcase classname="testCase.TC003_LoginDDT" name="verify_LoginDDT" time="24.125"/>
  <testcase classname="testCase.TC003_LoginDDT" name="verify_LoginDDT" time="25.795"/>
  <testcase classname="testCase.TC003_LoginDDT" name="verify_LoginDDT" time="24.166"/>
  <testcase classname="testCase.TC003_LoginDDT" name="verify_LoginDDT" time="14.936"/>
</testsuite> <!-- testCase.TC003_LoginDDT -->
