<?xml version="1.0" encoding="UTF-8"?>
<!-- Generated by org.testng.reporters.JUnitReportReporter -->
<testsuite hostname="DESKTOP-NRGQ5R0" failures="0" tests="1" name="testCase.TC002_LoginTest" time="9.914" errors="0" timestamp="2024-11-01T08:23:48 IST" skipped="0">
  <testcase classname="testCase.TC002_LoginTest" name="verify_login" time="9.914"/>
</testsuite> <!-- testCase.TC002_LoginTest -->
