<?xml version="1.0" encoding="UTF-8"?>
<!-- Generated by org.testng.reporters.JUnitReportReporter -->
<testsuite hostname="DESKTOP-NRGQ5R0" failures="0" tests="1" name="testCase.TC001_AccountRegistrationTest" time="27.783" errors="0" timestamp="2024-11-01T08:23:48 IST" skipped="0">
  <testcase classname="testCase.TC001_AccountRegistrationTest" name="verify_account_registration" time="27.783"/>
</testsuite> <!-- testCase.TC001_AccountRegistrationTest -->
